[2024-05-21T17:09:41.499+0000] {processor.py:157} INFO - Started process (PID=30) to work on /opt/airflow/dags/etl_manual.py
[2024-05-21T17:09:41.500+0000] {processor.py:826} INFO - Processing file /opt/airflow/dags/etl_manual.py for tasks to queue
[2024-05-21T17:09:41.501+0000] {logging_mixin.py:149} INFO - [2024-05-21T17:09:41.501+0000] {dagbag.py:541} INFO - Filling up the DagBag from /opt/airflow/dags/etl_manual.py
[2024-05-21T17:09:41.515+0000] {processor.py:836} INFO - DAG(s) dict_keys(['simple_greet_dag_v2']) retrieved from /opt/airflow/dags/etl_manual.py
[2024-05-21T17:09:41.788+0000] {logging_mixin.py:149} INFO - [2024-05-21T17:09:41.787+0000] {manager.py:504} INFO - Created Permission View: can delete on DAG:simple_greet_dag_v2
[2024-05-21T17:09:41.797+0000] {logging_mixin.py:149} INFO - [2024-05-21T17:09:41.797+0000] {manager.py:504} INFO - Created Permission View: can read on DAG:simple_greet_dag_v2
[2024-05-21T17:09:41.805+0000] {logging_mixin.py:149} INFO - [2024-05-21T17:09:41.805+0000] {manager.py:504} INFO - Created Permission View: can edit on DAG:simple_greet_dag_v2
[2024-05-21T17:09:41.805+0000] {logging_mixin.py:149} INFO - [2024-05-21T17:09:41.805+0000] {dag.py:2726} INFO - Sync 1 DAGs
[2024-05-21T17:09:41.821+0000] {logging_mixin.py:149} INFO - [2024-05-21T17:09:41.821+0000] {dag.py:2747} INFO - Creating ORM DAG for simple_greet_dag_v2
[2024-05-21T17:09:41.833+0000] {logging_mixin.py:149} INFO - [2024-05-21T17:09:41.833+0000] {dag.py:3490} INFO - Setting next_dagrun for simple_greet_dag_v2 to 2021-01-01T00:00:00+00:00, run_after=2021-01-02T00:00:00+00:00
[2024-05-21T17:09:41.850+0000] {processor.py:179} INFO - Processing /opt/airflow/dags/etl_manual.py took 0.354 seconds
[2024-05-21T17:10:12.011+0000] {processor.py:157} INFO - Started process (PID=31) to work on /opt/airflow/dags/etl_manual.py
[2024-05-21T17:10:12.012+0000] {processor.py:826} INFO - Processing file /opt/airflow/dags/etl_manual.py for tasks to queue
[2024-05-21T17:10:12.013+0000] {logging_mixin.py:149} INFO - [2024-05-21T17:10:12.013+0000] {dagbag.py:541} INFO - Filling up the DagBag from /opt/airflow/dags/etl_manual.py
[2024-05-21T17:10:12.023+0000] {processor.py:836} INFO - DAG(s) dict_keys(['simple_greet_dag_v2']) retrieved from /opt/airflow/dags/etl_manual.py
[2024-05-21T17:10:12.050+0000] {logging_mixin.py:149} INFO - [2024-05-21T17:10:12.050+0000] {dag.py:2726} INFO - Sync 1 DAGs
[2024-05-21T17:10:12.080+0000] {logging_mixin.py:149} INFO - [2024-05-21T17:10:12.079+0000] {dag.py:3490} INFO - Setting next_dagrun for simple_greet_dag_v2 to 2021-01-01T00:00:00+00:00, run_after=2021-01-02T00:00:00+00:00
[2024-05-21T17:10:12.098+0000] {processor.py:179} INFO - Processing /opt/airflow/dags/etl_manual.py took 0.090 seconds
[2024-05-21T17:10:42.243+0000] {processor.py:157} INFO - Started process (PID=36) to work on /opt/airflow/dags/etl_manual.py
[2024-05-21T17:10:42.245+0000] {processor.py:826} INFO - Processing file /opt/airflow/dags/etl_manual.py for tasks to queue
[2024-05-21T17:10:42.246+0000] {logging_mixin.py:149} INFO - [2024-05-21T17:10:42.246+0000] {dagbag.py:541} INFO - Filling up the DagBag from /opt/airflow/dags/etl_manual.py
[2024-05-21T17:10:42.261+0000] {processor.py:836} INFO - DAG(s) dict_keys(['simple_greet_dag_v2']) retrieved from /opt/airflow/dags/etl_manual.py
[2024-05-21T17:10:42.286+0000] {logging_mixin.py:149} INFO - [2024-05-21T17:10:42.286+0000] {dag.py:2726} INFO - Sync 1 DAGs
[2024-05-21T17:10:42.325+0000] {processor.py:179} INFO - Processing /opt/airflow/dags/etl_manual.py took 0.089 seconds
[2024-05-21T17:11:12.470+0000] {processor.py:157} INFO - Started process (PID=37) to work on /opt/airflow/dags/etl_manual.py
[2024-05-21T17:11:12.471+0000] {processor.py:826} INFO - Processing file /opt/airflow/dags/etl_manual.py for tasks to queue
[2024-05-21T17:11:12.471+0000] {logging_mixin.py:149} INFO - [2024-05-21T17:11:12.471+0000] {dagbag.py:541} INFO - Filling up the DagBag from /opt/airflow/dags/etl_manual.py
[2024-05-21T17:11:12.480+0000] {processor.py:836} INFO - DAG(s) dict_keys(['simple_greet_dag_v2']) retrieved from /opt/airflow/dags/etl_manual.py
[2024-05-21T17:11:12.499+0000] {logging_mixin.py:149} INFO - [2024-05-21T17:11:12.499+0000] {dag.py:2726} INFO - Sync 1 DAGs
[2024-05-21T17:11:12.531+0000] {processor.py:179} INFO - Processing /opt/airflow/dags/etl_manual.py took 0.064 seconds
[2024-05-21T17:11:36.786+0000] {processor.py:157} INFO - Started process (PID=30) to work on /opt/airflow/dags/etl_manual.py
[2024-05-21T17:11:36.787+0000] {processor.py:826} INFO - Processing file /opt/airflow/dags/etl_manual.py for tasks to queue
[2024-05-21T17:11:36.788+0000] {logging_mixin.py:149} INFO - [2024-05-21T17:11:36.788+0000] {dagbag.py:541} INFO - Filling up the DagBag from /opt/airflow/dags/etl_manual.py
[2024-05-21T17:11:36.813+0000] {processor.py:836} INFO - DAG(s) dict_keys(['simple_greet_dag_v2']) retrieved from /opt/airflow/dags/etl_manual.py
[2024-05-21T17:11:36.877+0000] {logging_mixin.py:149} INFO - [2024-05-21T17:11:36.877+0000] {dag.py:2726} INFO - Sync 1 DAGs
[2024-05-21T17:11:36.963+0000] {processor.py:179} INFO - Processing /opt/airflow/dags/etl_manual.py took 0.181 seconds
[2024-05-21T17:12:07.003+0000] {processor.py:157} INFO - Started process (PID=31) to work on /opt/airflow/dags/etl_manual.py
[2024-05-21T17:12:07.003+0000] {processor.py:826} INFO - Processing file /opt/airflow/dags/etl_manual.py for tasks to queue
[2024-05-21T17:12:07.004+0000] {logging_mixin.py:149} INFO - [2024-05-21T17:12:07.004+0000] {dagbag.py:541} INFO - Filling up the DagBag from /opt/airflow/dags/etl_manual.py
[2024-05-21T17:12:07.012+0000] {processor.py:836} INFO - DAG(s) dict_keys(['simple_greet_dag_v2']) retrieved from /opt/airflow/dags/etl_manual.py
[2024-05-21T17:12:07.035+0000] {logging_mixin.py:149} INFO - [2024-05-21T17:12:07.034+0000] {dag.py:2726} INFO - Sync 1 DAGs
[2024-05-21T17:12:07.078+0000] {processor.py:179} INFO - Processing /opt/airflow/dags/etl_manual.py took 0.077 seconds
[2024-05-21T17:12:37.206+0000] {processor.py:157} INFO - Started process (PID=32) to work on /opt/airflow/dags/etl_manual.py
[2024-05-21T17:12:37.206+0000] {processor.py:826} INFO - Processing file /opt/airflow/dags/etl_manual.py for tasks to queue
[2024-05-21T17:12:37.207+0000] {logging_mixin.py:149} INFO - [2024-05-21T17:12:37.207+0000] {dagbag.py:541} INFO - Filling up the DagBag from /opt/airflow/dags/etl_manual.py
[2024-05-21T17:12:37.216+0000] {processor.py:836} INFO - DAG(s) dict_keys(['simple_greet_dag_v2']) retrieved from /opt/airflow/dags/etl_manual.py
[2024-05-21T17:12:37.237+0000] {logging_mixin.py:149} INFO - [2024-05-21T17:12:37.237+0000] {dag.py:2726} INFO - Sync 1 DAGs
[2024-05-21T17:12:37.268+0000] {processor.py:179} INFO - Processing /opt/airflow/dags/etl_manual.py took 0.065 seconds
[2024-05-21T17:13:07.448+0000] {processor.py:157} INFO - Started process (PID=33) to work on /opt/airflow/dags/etl_manual.py
[2024-05-21T17:13:07.449+0000] {processor.py:826} INFO - Processing file /opt/airflow/dags/etl_manual.py for tasks to queue
[2024-05-21T17:13:07.450+0000] {logging_mixin.py:149} INFO - [2024-05-21T17:13:07.449+0000] {dagbag.py:541} INFO - Filling up the DagBag from /opt/airflow/dags/etl_manual.py
[2024-05-21T17:13:07.462+0000] {processor.py:836} INFO - DAG(s) dict_keys(['simple_greet_dag_v2']) retrieved from /opt/airflow/dags/etl_manual.py
[2024-05-21T17:13:07.491+0000] {logging_mixin.py:149} INFO - [2024-05-21T17:13:07.490+0000] {dag.py:2726} INFO - Sync 1 DAGs
[2024-05-21T17:13:07.536+0000] {processor.py:179} INFO - Processing /opt/airflow/dags/etl_manual.py took 0.092 seconds
[2024-05-21T17:13:25.592+0000] {processor.py:157} INFO - Started process (PID=34) to work on /opt/airflow/dags/etl_manual.py
[2024-05-21T17:13:25.593+0000] {processor.py:826} INFO - Processing file /opt/airflow/dags/etl_manual.py for tasks to queue
[2024-05-21T17:13:25.594+0000] {logging_mixin.py:149} INFO - [2024-05-21T17:13:25.594+0000] {dagbag.py:541} INFO - Filling up the DagBag from /opt/airflow/dags/etl_manual.py
[2024-05-21T17:13:25.604+0000] {processor.py:836} INFO - DAG(s) dict_keys(['simple_greet_dag_v2']) retrieved from /opt/airflow/dags/etl_manual.py
[2024-05-21T17:13:25.634+0000] {logging_mixin.py:149} INFO - [2024-05-21T17:13:25.633+0000] {dag.py:2726} INFO - Sync 1 DAGs
[2024-05-21T17:13:25.709+0000] {processor.py:179} INFO - Processing /opt/airflow/dags/etl_manual.py took 0.119 seconds
[2024-05-21T17:13:29.693+0000] {processor.py:157} INFO - Started process (PID=35) to work on /opt/airflow/dags/etl_manual.py
[2024-05-21T17:13:29.694+0000] {processor.py:826} INFO - Processing file /opt/airflow/dags/etl_manual.py for tasks to queue
[2024-05-21T17:13:29.695+0000] {logging_mixin.py:149} INFO - [2024-05-21T17:13:29.695+0000] {dagbag.py:541} INFO - Filling up the DagBag from /opt/airflow/dags/etl_manual.py
[2024-05-21T17:13:29.711+0000] {processor.py:836} INFO - DAG(s) dict_keys(['simple_greet_dag_v2']) retrieved from /opt/airflow/dags/etl_manual.py
[2024-05-21T17:13:29.747+0000] {logging_mixin.py:149} INFO - [2024-05-21T17:13:29.746+0000] {dag.py:2726} INFO - Sync 1 DAGs
[2024-05-21T17:13:29.817+0000] {processor.py:179} INFO - Processing /opt/airflow/dags/etl_manual.py took 0.128 seconds
[2024-05-21T17:13:40.845+0000] {processor.py:157} INFO - Started process (PID=36) to work on /opt/airflow/dags/etl_manual.py
[2024-05-21T17:13:40.847+0000] {processor.py:826} INFO - Processing file /opt/airflow/dags/etl_manual.py for tasks to queue
[2024-05-21T17:13:40.849+0000] {logging_mixin.py:149} INFO - [2024-05-21T17:13:40.849+0000] {dagbag.py:541} INFO - Filling up the DagBag from /opt/airflow/dags/etl_manual.py
[2024-05-21T17:13:40.878+0000] {processor.py:836} INFO - DAG(s) dict_keys(['simple_greet_dag_v2']) retrieved from /opt/airflow/dags/etl_manual.py
[2024-05-21T17:13:40.958+0000] {logging_mixin.py:149} INFO - [2024-05-21T17:13:40.958+0000] {dag.py:2726} INFO - Sync 1 DAGs
[2024-05-21T17:13:41.003+0000] {processor.py:179} INFO - Processing /opt/airflow/dags/etl_manual.py took 0.167 seconds
[2024-05-21T17:13:42.899+0000] {processor.py:157} INFO - Started process (PID=37) to work on /opt/airflow/dags/etl_manual.py
[2024-05-21T17:13:42.900+0000] {processor.py:826} INFO - Processing file /opt/airflow/dags/etl_manual.py for tasks to queue
[2024-05-21T17:13:42.901+0000] {logging_mixin.py:149} INFO - [2024-05-21T17:13:42.900+0000] {dagbag.py:541} INFO - Filling up the DagBag from /opt/airflow/dags/etl_manual.py
[2024-05-21T17:13:42.911+0000] {processor.py:836} INFO - DAG(s) dict_keys(['simple_greet_dag_v2']) retrieved from /opt/airflow/dags/etl_manual.py
[2024-05-21T17:13:42.936+0000] {logging_mixin.py:149} INFO - [2024-05-21T17:13:42.936+0000] {dag.py:2726} INFO - Sync 1 DAGs
[2024-05-21T17:13:42.974+0000] {processor.py:179} INFO - Processing /opt/airflow/dags/etl_manual.py took 0.078 seconds
[2024-05-21T17:14:13.130+0000] {processor.py:157} INFO - Started process (PID=38) to work on /opt/airflow/dags/etl_manual.py
[2024-05-21T17:14:13.132+0000] {processor.py:826} INFO - Processing file /opt/airflow/dags/etl_manual.py for tasks to queue
[2024-05-21T17:14:13.134+0000] {logging_mixin.py:149} INFO - [2024-05-21T17:14:13.134+0000] {dagbag.py:541} INFO - Filling up the DagBag from /opt/airflow/dags/etl_manual.py
[2024-05-21T17:14:13.156+0000] {processor.py:836} INFO - DAG(s) dict_keys(['simple_greet_dag_v2']) retrieved from /opt/airflow/dags/etl_manual.py
[2024-05-21T17:14:13.181+0000] {logging_mixin.py:149} INFO - [2024-05-21T17:14:13.180+0000] {dag.py:2726} INFO - Sync 1 DAGs
[2024-05-21T17:14:13.213+0000] {processor.py:179} INFO - Processing /opt/airflow/dags/etl_manual.py took 0.091 seconds
[2024-05-21T17:14:43.393+0000] {processor.py:157} INFO - Started process (PID=39) to work on /opt/airflow/dags/etl_manual.py
[2024-05-21T17:14:43.395+0000] {processor.py:826} INFO - Processing file /opt/airflow/dags/etl_manual.py for tasks to queue
[2024-05-21T17:14:43.396+0000] {logging_mixin.py:149} INFO - [2024-05-21T17:14:43.396+0000] {dagbag.py:541} INFO - Filling up the DagBag from /opt/airflow/dags/etl_manual.py
[2024-05-21T17:14:43.414+0000] {processor.py:836} INFO - DAG(s) dict_keys(['simple_greet_dag_v2']) retrieved from /opt/airflow/dags/etl_manual.py
[2024-05-21T17:14:43.438+0000] {logging_mixin.py:149} INFO - [2024-05-21T17:14:43.438+0000] {dag.py:2726} INFO - Sync 1 DAGs
[2024-05-21T17:14:43.476+0000] {processor.py:179} INFO - Processing /opt/airflow/dags/etl_manual.py took 0.091 seconds
[2024-05-21T17:15:13.587+0000] {processor.py:157} INFO - Started process (PID=40) to work on /opt/airflow/dags/etl_manual.py
[2024-05-21T17:15:13.588+0000] {processor.py:826} INFO - Processing file /opt/airflow/dags/etl_manual.py for tasks to queue
[2024-05-21T17:15:13.589+0000] {logging_mixin.py:149} INFO - [2024-05-21T17:15:13.589+0000] {dagbag.py:541} INFO - Filling up the DagBag from /opt/airflow/dags/etl_manual.py
[2024-05-21T17:15:13.598+0000] {processor.py:836} INFO - DAG(s) dict_keys(['simple_greet_dag_v2']) retrieved from /opt/airflow/dags/etl_manual.py
[2024-05-21T17:15:13.620+0000] {logging_mixin.py:149} INFO - [2024-05-21T17:15:13.619+0000] {dag.py:2726} INFO - Sync 1 DAGs
[2024-05-21T17:15:13.662+0000] {processor.py:179} INFO - Processing /opt/airflow/dags/etl_manual.py took 0.079 seconds
[2024-05-21T17:15:43.795+0000] {processor.py:157} INFO - Started process (PID=41) to work on /opt/airflow/dags/etl_manual.py
[2024-05-21T17:15:43.796+0000] {processor.py:826} INFO - Processing file /opt/airflow/dags/etl_manual.py for tasks to queue
[2024-05-21T17:15:43.796+0000] {logging_mixin.py:149} INFO - [2024-05-21T17:15:43.796+0000] {dagbag.py:541} INFO - Filling up the DagBag from /opt/airflow/dags/etl_manual.py
[2024-05-21T17:15:43.805+0000] {processor.py:836} INFO - DAG(s) dict_keys(['simple_greet_dag_v2']) retrieved from /opt/airflow/dags/etl_manual.py
[2024-05-21T17:15:43.831+0000] {logging_mixin.py:149} INFO - [2024-05-21T17:15:43.831+0000] {dag.py:2726} INFO - Sync 1 DAGs
[2024-05-21T17:15:43.871+0000] {processor.py:179} INFO - Processing /opt/airflow/dags/etl_manual.py took 0.078 seconds
[2024-05-21T17:16:14.018+0000] {processor.py:157} INFO - Started process (PID=42) to work on /opt/airflow/dags/etl_manual.py
[2024-05-21T17:16:14.020+0000] {processor.py:826} INFO - Processing file /opt/airflow/dags/etl_manual.py for tasks to queue
[2024-05-21T17:16:14.022+0000] {logging_mixin.py:149} INFO - [2024-05-21T17:16:14.022+0000] {dagbag.py:541} INFO - Filling up the DagBag from /opt/airflow/dags/etl_manual.py
[2024-05-21T17:16:14.046+0000] {processor.py:836} INFO - DAG(s) dict_keys(['simple_greet_dag_v2']) retrieved from /opt/airflow/dags/etl_manual.py
[2024-05-21T17:16:14.072+0000] {logging_mixin.py:149} INFO - [2024-05-21T17:16:14.072+0000] {dag.py:2726} INFO - Sync 1 DAGs
[2024-05-21T17:16:14.109+0000] {processor.py:179} INFO - Processing /opt/airflow/dags/etl_manual.py took 0.098 seconds
[2024-05-21T17:16:44.298+0000] {processor.py:157} INFO - Started process (PID=43) to work on /opt/airflow/dags/etl_manual.py
[2024-05-21T17:16:44.300+0000] {processor.py:826} INFO - Processing file /opt/airflow/dags/etl_manual.py for tasks to queue
[2024-05-21T17:16:44.302+0000] {logging_mixin.py:149} INFO - [2024-05-21T17:16:44.302+0000] {dagbag.py:541} INFO - Filling up the DagBag from /opt/airflow/dags/etl_manual.py
[2024-05-21T17:16:44.329+0000] {processor.py:836} INFO - DAG(s) dict_keys(['simple_greet_dag_v2']) retrieved from /opt/airflow/dags/etl_manual.py
[2024-05-21T17:16:44.358+0000] {logging_mixin.py:149} INFO - [2024-05-21T17:16:44.358+0000] {dag.py:2726} INFO - Sync 1 DAGs
[2024-05-21T17:16:44.393+0000] {processor.py:179} INFO - Processing /opt/airflow/dags/etl_manual.py took 0.103 seconds
[2024-05-21T17:17:44.281+0000] {processor.py:157} INFO - Started process (PID=30) to work on /opt/airflow/dags/etl_manual.py
[2024-05-21T17:17:44.282+0000] {processor.py:826} INFO - Processing file /opt/airflow/dags/etl_manual.py for tasks to queue
[2024-05-21T17:17:44.283+0000] {logging_mixin.py:149} INFO - [2024-05-21T17:17:44.283+0000] {dagbag.py:541} INFO - Filling up the DagBag from /opt/airflow/dags/etl_manual.py
[2024-05-21T17:17:44.344+0000] {processor.py:836} INFO - DAG(s) dict_keys(['simple_greet_dag_v2']) retrieved from /opt/airflow/dags/etl_manual.py
[2024-05-21T17:17:44.599+0000] {logging_mixin.py:149} INFO - [2024-05-21T17:17:44.599+0000] {dag.py:2726} INFO - Sync 1 DAGs
[2024-05-21T17:17:44.675+0000] {processor.py:179} INFO - Processing /opt/airflow/dags/etl_manual.py took 0.401 seconds
[2024-05-21T17:18:14.848+0000] {processor.py:157} INFO - Started process (PID=31) to work on /opt/airflow/dags/etl_manual.py
[2024-05-21T17:18:14.848+0000] {processor.py:826} INFO - Processing file /opt/airflow/dags/etl_manual.py for tasks to queue
[2024-05-21T17:18:14.849+0000] {logging_mixin.py:149} INFO - [2024-05-21T17:18:14.849+0000] {dagbag.py:541} INFO - Filling up the DagBag from /opt/airflow/dags/etl_manual.py
[2024-05-21T17:18:14.951+0000] {processor.py:836} INFO - DAG(s) dict_keys(['simple_greet_dag_v2']) retrieved from /opt/airflow/dags/etl_manual.py
[2024-05-21T17:18:14.973+0000] {logging_mixin.py:149} INFO - [2024-05-21T17:18:14.973+0000] {dag.py:2726} INFO - Sync 1 DAGs
[2024-05-21T17:18:14.998+0000] {logging_mixin.py:149} INFO - [2024-05-21T17:18:14.997+0000] {dag.py:3490} INFO - Setting next_dagrun for simple_greet_dag_v2 to 2021-01-16T00:00:00+00:00, run_after=2021-01-17T00:00:00+00:00
[2024-05-21T17:18:15.015+0000] {processor.py:179} INFO - Processing /opt/airflow/dags/etl_manual.py took 0.170 seconds
[2024-05-21T17:18:45.093+0000] {processor.py:157} INFO - Started process (PID=32) to work on /opt/airflow/dags/etl_manual.py
[2024-05-21T17:18:45.095+0000] {processor.py:826} INFO - Processing file /opt/airflow/dags/etl_manual.py for tasks to queue
[2024-05-21T17:18:45.097+0000] {logging_mixin.py:149} INFO - [2024-05-21T17:18:45.097+0000] {dagbag.py:541} INFO - Filling up the DagBag from /opt/airflow/dags/etl_manual.py
[2024-05-21T17:18:45.121+0000] {processor.py:836} INFO - DAG(s) dict_keys(['simple_greet_dag_v2']) retrieved from /opt/airflow/dags/etl_manual.py
[2024-05-21T17:18:45.147+0000] {logging_mixin.py:149} INFO - [2024-05-21T17:18:45.147+0000] {dag.py:2726} INFO - Sync 1 DAGs
[2024-05-21T17:18:45.168+0000] {logging_mixin.py:149} INFO - [2024-05-21T17:18:45.168+0000] {dag.py:3490} INFO - Setting next_dagrun for simple_greet_dag_v2 to 2021-02-09T00:00:00+00:00, run_after=2021-02-10T00:00:00+00:00
[2024-05-21T17:18:45.181+0000] {processor.py:179} INFO - Processing /opt/airflow/dags/etl_manual.py took 0.096 seconds
[2024-05-21T17:19:15.290+0000] {processor.py:157} INFO - Started process (PID=33) to work on /opt/airflow/dags/etl_manual.py
[2024-05-21T17:19:15.290+0000] {processor.py:826} INFO - Processing file /opt/airflow/dags/etl_manual.py for tasks to queue
[2024-05-21T17:19:15.291+0000] {logging_mixin.py:149} INFO - [2024-05-21T17:19:15.291+0000] {dagbag.py:541} INFO - Filling up the DagBag from /opt/airflow/dags/etl_manual.py
[2024-05-21T17:19:15.298+0000] {processor.py:836} INFO - DAG(s) dict_keys(['simple_greet_dag_v2']) retrieved from /opt/airflow/dags/etl_manual.py
[2024-05-21T17:19:15.318+0000] {logging_mixin.py:149} INFO - [2024-05-21T17:19:15.318+0000] {dag.py:2726} INFO - Sync 1 DAGs
[2024-05-21T17:19:15.340+0000] {logging_mixin.py:149} INFO - [2024-05-21T17:19:15.340+0000] {dag.py:3490} INFO - Setting next_dagrun for simple_greet_dag_v2 to 2021-02-09T00:00:00+00:00, run_after=2021-02-10T00:00:00+00:00
[2024-05-21T17:19:15.354+0000] {processor.py:179} INFO - Processing /opt/airflow/dags/etl_manual.py took 0.066 seconds
[2024-05-21T17:19:45.598+0000] {processor.py:157} INFO - Started process (PID=34) to work on /opt/airflow/dags/etl_manual.py
[2024-05-21T17:19:45.600+0000] {processor.py:826} INFO - Processing file /opt/airflow/dags/etl_manual.py for tasks to queue
[2024-05-21T17:19:45.602+0000] {logging_mixin.py:149} INFO - [2024-05-21T17:19:45.601+0000] {dagbag.py:541} INFO - Filling up the DagBag from /opt/airflow/dags/etl_manual.py
[2024-05-21T17:19:45.619+0000] {processor.py:836} INFO - DAG(s) dict_keys(['simple_greet_dag_v2']) retrieved from /opt/airflow/dags/etl_manual.py
[2024-05-21T17:19:45.645+0000] {logging_mixin.py:149} INFO - [2024-05-21T17:19:45.645+0000] {dag.py:2726} INFO - Sync 1 DAGs
[2024-05-21T17:19:45.669+0000] {logging_mixin.py:149} INFO - [2024-05-21T17:19:45.669+0000] {dag.py:3490} INFO - Setting next_dagrun for simple_greet_dag_v2 to 2021-02-09T00:00:00+00:00, run_after=2021-02-10T00:00:00+00:00
[2024-05-21T17:19:45.681+0000] {processor.py:179} INFO - Processing /opt/airflow/dags/etl_manual.py took 0.091 seconds
